Performing C SOURCE FILE Test CMAKE_HAVE_LIBC_PTHREAD failed with the following output:
Change Dir: /home/test3/software2-20niship/0704/catkin_ws/build/beginner_tutorials/CMakeFiles/CMakeTmp

Run Build Command(s):/usr/bin/make -f Makefile cmTC_14c84/fast && /usr/bin/make  -f CMakeFiles/cmTC_14c84.dir/build.make CMakeFiles/cmTC_14c84.dir/build
make[1]: ディレクトリ '/home/test3/software2-20niship/0704/catkin_ws/build/beginner_tutorials/CMakeFiles/CMakeTmp' に入ります
Building C object CMakeFiles/cmTC_14c84.dir/src.c.o
/usr/bin/gcc-11 -DCMAKE_HAVE_LIBC_PTHREAD   -o CMakeFiles/cmTC_14c84.dir/src.c.o -c /home/test3/software2-20niship/0704/catkin_ws/build/beginner_tutorials/CMakeFiles/CMakeTmp/src.c
Linking C executable cmTC_14c84
/usr/local/bin/cmake -E cmake_link_script CMakeFiles/cmTC_14c84.dir/link.txt --verbose=1
/usr/bin/gcc-11 -rdynamic CMakeFiles/cmTC_14c84.dir/src.c.o -o cmTC_14c84 
CMakeFiles/cmTC_14c84.dir/src.c.o: 関数 `main' 内:
src.c:(.text+0x3e): `pthread_create' に対する定義されていない参照です
src.c:(.text+0x4a): `pthread_detach' に対する定義されていない参照です
src.c:(.text+0x56): `pthread_cancel' に対する定義されていない参照です
src.c:(.text+0x67): `pthread_join' に対する定義されていない参照です
src.c:(.text+0x7b): `pthread_atfork' に対する定義されていない参照です
collect2: error: ld returned 1 exit status
CMakeFiles/cmTC_14c84.dir/build.make:98: recipe for target 'cmTC_14c84' failed
make[1]: *** [cmTC_14c84] Error 1
make[1]: ディレクトリ '/home/test3/software2-20niship/0704/catkin_ws/build/beginner_tutorials/CMakeFiles/CMakeTmp' から出ます
Makefile:127: recipe for target 'cmTC_14c84/fast' failed
make: *** [cmTC_14c84/fast] Error 2


Source file was:
#include <pthread.h>

static void* test_func(void* data)
{
  return data;
}

int main(void)
{
  pthread_t thread;
  pthread_create(&thread, NULL, test_func, NULL);
  pthread_detach(thread);
  pthread_cancel(thread);
  pthread_join(thread, NULL);
  pthread_atfork(NULL, NULL, NULL);
  pthread_exit(NULL);

  return 0;
}

Determining if the function pthread_create exists in the pthreads failed with the following output:
Change Dir: /home/test3/software2-20niship/0704/catkin_ws/build/beginner_tutorials/CMakeFiles/CMakeTmp

Run Build Command(s):/usr/bin/make -f Makefile cmTC_3a807/fast && /usr/bin/make  -f CMakeFiles/cmTC_3a807.dir/build.make CMakeFiles/cmTC_3a807.dir/build
make[1]: ディレクトリ '/home/test3/software2-20niship/0704/catkin_ws/build/beginner_tutorials/CMakeFiles/CMakeTmp' に入ります
Building C object CMakeFiles/cmTC_3a807.dir/CheckFunctionExists.c.o
/usr/bin/gcc-11   -DCHECK_FUNCTION_EXISTS=pthread_create -o CMakeFiles/cmTC_3a807.dir/CheckFunctionExists.c.o -c /usr/local/share/cmake-3.23/Modules/CheckFunctionExists.c
Linking C executable cmTC_3a807
/usr/local/bin/cmake -E cmake_link_script CMakeFiles/cmTC_3a807.dir/link.txt --verbose=1
/usr/bin/gcc-11  -DCHECK_FUNCTION_EXISTS=pthread_create -rdynamic CMakeFiles/cmTC_3a807.dir/CheckFunctionExists.c.o -o cmTC_3a807  -lpthreads 
/usr/bin/ld: -lpthreads が見つかりません
collect2: error: ld returned 1 exit status
CMakeFiles/cmTC_3a807.dir/build.make:98: recipe for target 'cmTC_3a807' failed
make[1]: *** [cmTC_3a807] Error 1
make[1]: ディレクトリ '/home/test3/software2-20niship/0704/catkin_ws/build/beginner_tutorials/CMakeFiles/CMakeTmp' から出ます
Makefile:127: recipe for target 'cmTC_3a807/fast' failed
make: *** [cmTC_3a807/fast] Error 2



