Linked: (/home/test3/software2-20niship/0704/catkin_ws/devel/.private/beginner_tutorials/share/gennodejs/ros/beginner_tutorials/_index.js, /home/test3/software2-20niship/0704/catkin_ws/devel/share/gennodejs/ros/beginner_tutorials/_index.js)
Linked: (/home/test3/software2-20niship/0704/catkin_ws/devel/.private/beginner_tutorials/share/gennodejs/ros/beginner_tutorials/msg/testMsg.js, /home/test3/software2-20niship/0704/catkin_ws/devel/share/gennodejs/ros/beginner_tutorials/msg/testMsg.js)
Linked: (/home/test3/software2-20niship/0704/catkin_ws/devel/.private/beginner_tutorials/share/gennodejs/ros/beginner_tutorials/msg/NamedPoint.js, /home/test3/software2-20niship/0704/catkin_ws/devel/share/gennodejs/ros/beginner_tutorials/msg/NamedPoint.js)
Linked: (/home/test3/software2-20niship/0704/catkin_ws/devel/.private/beginner_tutorials/share/gennodejs/ros/beginner_tutorials/msg/_index.js, /home/test3/software2-20niship/0704/catkin_ws/devel/share/gennodejs/ros/beginner_tutorials/msg/_index.js)
Linked: (/home/test3/software2-20niship/0704/catkin_ws/devel/.private/beginner_tutorials/share/roseus/ros/beginner_tutorials/manifest.l, /home/test3/software2-20niship/0704/catkin_ws/devel/share/roseus/ros/beginner_tutorials/manifest.l)
Linked: (/home/test3/software2-20niship/0704/catkin_ws/devel/.private/beginner_tutorials/share/roseus/ros/beginner_tutorials/msg/testMsg.l, /home/test3/software2-20niship/0704/catkin_ws/devel/share/roseus/ros/beginner_tutorials/msg/testMsg.l)
Linked: (/home/test3/software2-20niship/0704/catkin_ws/devel/.private/beginner_tutorials/share/roseus/ros/beginner_tutorials/msg/NamedPoint.l, /home/test3/software2-20niship/0704/catkin_ws/devel/share/roseus/ros/beginner_tutorials/msg/NamedPoint.l)
Linked: (/home/test3/software2-20niship/0704/catkin_ws/devel/.private/beginner_tutorials/share/common-lisp/ros/beginner_tutorials/msg/NamedPoint.lisp, /home/test3/software2-20niship/0704/catkin_ws/devel/share/common-lisp/ros/beginner_tutorials/msg/NamedPoint.lisp)
Linked: (/home/test3/software2-20niship/0704/catkin_ws/devel/.private/beginner_tutorials/share/common-lisp/ros/beginner_tutorials/msg/_package.lisp, /home/test3/software2-20niship/0704/catkin_ws/devel/share/common-lisp/ros/beginner_tutorials/msg/_package.lisp)
Linked: (/home/test3/software2-20niship/0704/catkin_ws/devel/.private/beginner_tutorials/share/common-lisp/ros/beginner_tutorials/msg/_package_NamedPoint.lisp, /home/test3/software2-20niship/0704/catkin_ws/devel/share/common-lisp/ros/beginner_tutorials/msg/_package_NamedPoint.lisp)
Linked: (/home/test3/software2-20niship/0704/catkin_ws/devel/.private/beginner_tutorials/share/common-lisp/ros/beginner_tutorials/msg/testMsg.lisp, /home/test3/software2-20niship/0704/catkin_ws/devel/share/common-lisp/ros/beginner_tutorials/msg/testMsg.lisp)
Linked: (/home/test3/software2-20niship/0704/catkin_ws/devel/.private/beginner_tutorials/share/common-lisp/ros/beginner_tutorials/msg/beginner_tutorials-msg.asd, /home/test3/software2-20niship/0704/catkin_ws/devel/share/common-lisp/ros/beginner_tutorials/msg/beginner_tutorials-msg.asd)
Linked: (/home/test3/software2-20niship/0704/catkin_ws/devel/.private/beginner_tutorials/share/common-lisp/ros/beginner_tutorials/msg/_package_testMsg.lisp, /home/test3/software2-20niship/0704/catkin_ws/devel/share/common-lisp/ros/beginner_tutorials/msg/_package_testMsg.lisp)
Linked: (/home/test3/software2-20niship/0704/catkin_ws/devel/.private/beginner_tutorials/share/beginner_tutorials/cmake/beginner_tutorials-msg-extras.cmake, /home/test3/software2-20niship/0704/catkin_ws/devel/share/beginner_tutorials/cmake/beginner_tutorials-msg-extras.cmake)
Linked: (/home/test3/software2-20niship/0704/catkin_ws/devel/.private/beginner_tutorials/share/beginner_tutorials/cmake/beginner_tutorialsConfig-version.cmake, /home/test3/software2-20niship/0704/catkin_ws/devel/share/beginner_tutorials/cmake/beginner_tutorialsConfig-version.cmake)
Linked: (/home/test3/software2-20niship/0704/catkin_ws/devel/.private/beginner_tutorials/share/beginner_tutorials/cmake/beginner_tutorialsConfig.cmake, /home/test3/software2-20niship/0704/catkin_ws/devel/share/beginner_tutorials/cmake/beginner_tutorialsConfig.cmake)
Linked: (/home/test3/software2-20niship/0704/catkin_ws/devel/.private/beginner_tutorials/share/beginner_tutorials/cmake/beginner_tutorials-msg-paths.cmake, /home/test3/software2-20niship/0704/catkin_ws/devel/share/beginner_tutorials/cmake/beginner_tutorials-msg-paths.cmake)
Linked: (/home/test3/software2-20niship/0704/catkin_ws/devel/.private/beginner_tutorials/lib/beginner_tutorials/talker, /home/test3/software2-20niship/0704/catkin_ws/devel/lib/beginner_tutorials/talker)
Linked: (/home/test3/software2-20niship/0704/catkin_ws/devel/.private/beginner_tutorials/lib/beginner_tutorials/listener, /home/test3/software2-20niship/0704/catkin_ws/devel/lib/beginner_tutorials/listener)
Linked: (/home/test3/software2-20niship/0704/catkin_ws/devel/.private/beginner_tutorials/lib/python2.7/dist-packages/beginner_tutorials/__init__.py, /home/test3/software2-20niship/0704/catkin_ws/devel/lib/python2.7/dist-packages/beginner_tutorials/__init__.py)
Linked: (/home/test3/software2-20niship/0704/catkin_ws/devel/.private/beginner_tutorials/lib/python2.7/dist-packages/beginner_tutorials/msg/__init__.py, /home/test3/software2-20niship/0704/catkin_ws/devel/lib/python2.7/dist-packages/beginner_tutorials/msg/__init__.py)
Linked: (/home/test3/software2-20niship/0704/catkin_ws/devel/.private/beginner_tutorials/lib/python2.7/dist-packages/beginner_tutorials/msg/_testMsg.py, /home/test3/software2-20niship/0704/catkin_ws/devel/lib/python2.7/dist-packages/beginner_tutorials/msg/_testMsg.py)
Linked: (/home/test3/software2-20niship/0704/catkin_ws/devel/.private/beginner_tutorials/lib/python2.7/dist-packages/beginner_tutorials/msg/_NamedPoint.py, /home/test3/software2-20niship/0704/catkin_ws/devel/lib/python2.7/dist-packages/beginner_tutorials/msg/_NamedPoint.py)
Linked: (/home/test3/software2-20niship/0704/catkin_ws/devel/.private/beginner_tutorials/lib/pkgconfig/beginner_tutorials.pc, /home/test3/software2-20niship/0704/catkin_ws/devel/lib/pkgconfig/beginner_tutorials.pc)
Linked: (/home/test3/software2-20niship/0704/catkin_ws/devel/.private/beginner_tutorials/include/beginner_tutorials/testMsg.h, /home/test3/software2-20niship/0704/catkin_ws/devel/include/beginner_tutorials/testMsg.h)
Linked: (/home/test3/software2-20niship/0704/catkin_ws/devel/.private/beginner_tutorials/include/beginner_tutorials/NamedPoint.h, /home/test3/software2-20niship/0704/catkin_ws/devel/include/beginner_tutorials/NamedPoint.h)
